This file contains any messages produced by compilers while
running configure, to aid debugging if configure makes a mistake.

It was created by resample configure 1.8.1, which was
generated by GNU Autoconf 2.63.  Invocation command line was

  $ ./configure --no-create --no-recursion

## --------- ##
## Platform. ##
## --------- ##

hostname = hpc
uname -m = x86_64
uname -r = 2.6.32-71.el6.x86_64
uname -s = Linux
uname -v = #1 SMP Fri May 20 03:51:51 BST 2011

/usr/bin/uname -p = unknown
/bin/uname -X     = unknown

/bin/arch              = x86_64
/usr/bin/arch -k       = unknown
/usr/convex/getsysinfo = unknown
/usr/bin/hostinfo      = unknown
/bin/machine           = unknown
/usr/bin/oslevel       = unknown
/bin/universe          = unknown

PATH: /usr/local/cuda-5.5/bin
PATH: /opt/intel/composer_xe_2013_sp1.1.106/bin/intel64
PATH: /usr/local/cuda-5.5/bin
PATH: /usr/lib64/qt-3.3/bin
PATH: /usr/local/bin
PATH: /bin
PATH: /usr/bin
PATH: /usr/local/sbin
PATH: /usr/sbin
PATH: /sbin
PATH: /home/gxy/bin


## ----------- ##
## Core tests. ##
## ----------- ##

configure:1868: checking for a BSD-compatible install
configure:1936: result: /usr/bin/install -c
configure:1947: checking whether build environment is sane
configure:1990: result: yes
configure:2052: checking for gawk
configure:2068: found /bin/gawk
configure:2079: result: gawk
configure:2090: checking whether make sets $(MAKE)
configure:2112: result: yes
configure:2347: checking for gcc
configure:2363: found /usr/local/bin/gcc
configure:2374: result: gcc
configure:2606: checking for C compiler version
configure:2614: gcc --version >&5
gcc (GCC) 4.8.2
Copyright (C) 2013 Free Software Foundation, Inc.
This is free software; see the source for copying conditions.  There is NO
warranty; not even for MERCHANTABILITY or FITNESS FOR A PARTICULAR PURPOSE.

configure:2618: $? = 0
configure:2625: gcc -v >&5
Using built-in specs.
COLLECT_GCC=gcc
COLLECT_LTO_WRAPPER=/usr/local/libexec/gcc/x86_64-unknown-linux-gnu/4.8.2/lto-wrapper
Target: x86_64-unknown-linux-gnu
Configured with: ../gcc-4.8.2/configure --enable-checking=release --enable-languages=c,c++ --disable-multilib
Thread model: posix
gcc version 4.8.2 (GCC) 
configure:2629: $? = 0
configure:2636: gcc -V >&5
gcc: error: unrecognized command line option '-V'
gcc: fatal error: no input files
compilation terminated.
configure:2640: $? = 1
configure:2663: checking for C compiler default output file name
configure:2685: gcc    conftest.c  >&5
configure:2689: $? = 0
configure:2727: result: a.out
configure:2746: checking whether the C compiler works
configure:2756: ./a.out
configure:2760: $? = 0
configure:2779: result: yes
configure:2786: checking whether we are cross compiling
configure:2788: result: no
configure:2791: checking for suffix of executables
configure:2798: gcc -o conftest    conftest.c  >&5
configure:2802: $? = 0
configure:2828: result: 
configure:2834: checking for suffix of object files
configure:2860: gcc -c   conftest.c >&5
configure:2864: $? = 0
configure:2889: result: o
configure:2893: checking whether we are using the GNU C compiler
configure:2922: gcc -c   conftest.c >&5
configure:2929: $? = 0
configure:2946: result: yes
configure:2955: checking whether gcc accepts -g
configure:2985: gcc -c -g  conftest.c >&5
configure:2992: $? = 0
configure:3093: result: yes
configure:3110: checking for gcc option to accept ISO C89
configure:3184: gcc  -c -g -O2  conftest.c >&5
configure:3191: $? = 0
configure:3214: result: none needed
configure:3243: checking for style of include used by make
configure:3271: result: GNU
configure:3299: checking dependency style of gcc
configure:3389: result: gcc3
configure:3449: checking for ranlib
configure:3465: found /usr/bin/ranlib
configure:3476: result: ranlib
configure:3512: checking for a BSD-compatible install
configure:3580: result: /usr/bin/install -c
configure:3596: checking for main in -lm
configure:3625: gcc -o conftest -g -O2   conftest.c -lm   >&5
configure:3632: $? = 0
configure:3653: result: yes
configure:3671: checking how to run the C preprocessor
configure:3711: gcc -E  conftest.c
configure:3718: $? = 0
configure:3749: gcc -E  conftest.c
conftest.c:11:28: fatal error: ac_nonexistent.h: No such file or directory
 #include <ac_nonexistent.h>
                            ^
compilation terminated.
configure:3756: $? = 1
configure: failed program was:
| /* confdefs.h.  */
| #define PACKAGE_NAME "resample"
| #define PACKAGE_TARNAME "resample"
| #define PACKAGE_VERSION "1.8.1"
| #define PACKAGE_STRING "resample 1.8.1"
| #define PACKAGE_BUGREPORT "resample-bugs@w3k.org"
| #define PACKAGE "resample"
| #define VERSION "1.8.1"
| #define HAVE_LIBM 1
| /* end confdefs.h.  */
| #include <ac_nonexistent.h>
configure:3789: result: gcc -E
configure:3818: gcc -E  conftest.c
configure:3825: $? = 0
configure:3856: gcc -E  conftest.c
conftest.c:11:28: fatal error: ac_nonexistent.h: No such file or directory
 #include <ac_nonexistent.h>
                            ^
compilation terminated.
configure:3863: $? = 1
configure: failed program was:
| /* confdefs.h.  */
| #define PACKAGE_NAME "resample"
| #define PACKAGE_TARNAME "resample"
| #define PACKAGE_VERSION "1.8.1"
| #define PACKAGE_STRING "resample 1.8.1"
| #define PACKAGE_BUGREPORT "resample-bugs@w3k.org"
| #define PACKAGE "resample"
| #define VERSION "1.8.1"
| #define HAVE_LIBM 1
| /* end confdefs.h.  */
| #include <ac_nonexistent.h>
configure:3903: checking for grep that handles long lines and -e
configure:3963: result: /bin/grep
configure:3968: checking for egrep
configure:4032: result: /bin/grep -E
configure:4037: checking for ANSI C header files
configure:4067: gcc -c -g -O2  conftest.c >&5
configure:4074: $? = 0
configure:4173: gcc -o conftest -g -O2   conftest.c -lm  >&5
configure:4177: $? = 0
configure:4183: ./conftest
configure:4187: $? = 0
configure:4205: result: yes
configure:4229: checking for sys/types.h
configure:4250: gcc -c -g -O2  conftest.c >&5
configure:4257: $? = 0
configure:4274: result: yes
configure:4229: checking for sys/stat.h
configure:4250: gcc -c -g -O2  conftest.c >&5
configure:4257: $? = 0
configure:4274: result: yes
configure:4229: checking for stdlib.h
configure:4250: gcc -c -g -O2  conftest.c >&5
configure:4257: $? = 0
configure:4274: result: yes
configure:4229: checking for string.h
configure:4250: gcc -c -g -O2  conftest.c >&5
configure:4257: $? = 0
configure:4274: result: yes
configure:4229: checking for memory.h
configure:4250: gcc -c -g -O2  conftest.c >&5
configure:4257: $? = 0
configure:4274: result: yes
configure:4229: checking for strings.h
configure:4250: gcc -c -g -O2  conftest.c >&5
configure:4257: $? = 0
configure:4274: result: yes
configure:4229: checking for inttypes.h
configure:4250: gcc -c -g -O2  conftest.c >&5
configure:4257: $? = 0
configure:4274: result: yes
configure:4229: checking for stdint.h
configure:4250: gcc -c -g -O2  conftest.c >&5
configure:4257: $? = 0
configure:4274: result: yes
configure:4229: checking for unistd.h
configure:4250: gcc -c -g -O2  conftest.c >&5
configure:4257: $? = 0
configure:4274: result: yes
configure:4311: checking fcntl.h usability
configure:4328: gcc -c -g -O2  conftest.c >&5
configure:4335: $? = 0
configure:4349: result: yes
configure:4353: checking fcntl.h presence
configure:4368: gcc -E  conftest.c
configure:4375: $? = 0
configure:4389: result: yes
configure:4422: checking for fcntl.h
configure:4431: result: yes
configure:4311: checking limits.h usability
configure:4328: gcc -c -g -O2  conftest.c >&5
configure:4335: $? = 0
configure:4349: result: yes
configure:4353: checking limits.h presence
configure:4368: gcc -E  conftest.c
configure:4375: $? = 0
configure:4389: result: yes
configure:4422: checking for limits.h
configure:4431: result: yes
configure:4311: checking stddef.h usability
configure:4328: gcc -c -g -O2  conftest.c >&5
configure:4335: $? = 0
configure:4349: result: yes
configure:4353: checking stddef.h presence
configure:4368: gcc -E  conftest.c
configure:4375: $? = 0
configure:4389: result: yes
configure:4422: checking for stddef.h
configure:4431: result: yes
configure:4300: checking for stdint.h
configure:4307: result: yes
configure:4300: checking for stdlib.h
configure:4307: result: yes
configure:4300: checking for string.h
configure:4307: result: yes
configure:4311: checking sys/ioctl.h usability
configure:4328: gcc -c -g -O2  conftest.c >&5
configure:4335: $? = 0
configure:4349: result: yes
configure:4353: checking sys/ioctl.h presence
configure:4368: gcc -E  conftest.c
configure:4375: $? = 0
configure:4389: result: yes
configure:4422: checking for sys/ioctl.h
configure:4431: result: yes
configure:4300: checking for unistd.h
configure:4307: result: yes
configure:4448: checking for stdbool.h that conforms to C99
configure:4543: gcc -c -g -O2  conftest.c >&5
configure:4550: $? = 0
configure:4565: result: yes
configure:4567: checking for _Bool
configure:4595: gcc -c -g -O2  conftest.c >&5
configure:4602: $? = 0
configure:4629: gcc -c -g -O2  conftest.c >&5
conftest.c: In function 'main':
conftest.c:65:20: error: expected expression before ')' token
 if (sizeof ((_Bool)))
                    ^
configure:4636: $? = 1
configure: failed program was:
| /* confdefs.h.  */
| #define PACKAGE_NAME "resample"
| #define PACKAGE_TARNAME "resample"
| #define PACKAGE_VERSION "1.8.1"
| #define PACKAGE_STRING "resample 1.8.1"
| #define PACKAGE_BUGREPORT "resample-bugs@w3k.org"
| #define PACKAGE "resample"
| #define VERSION "1.8.1"
| #define HAVE_LIBM 1
| #define STDC_HEADERS 1
| #define HAVE_SYS_TYPES_H 1
| #define HAVE_SYS_STAT_H 1
| #define HAVE_STDLIB_H 1
| #define HAVE_STRING_H 1
| #define HAVE_MEMORY_H 1
| #define HAVE_STRINGS_H 1
| #define HAVE_INTTYPES_H 1
| #define HAVE_STDINT_H 1
| #define HAVE_UNISTD_H 1
| #define HAVE_FCNTL_H 1
| #define HAVE_LIMITS_H 1
| #define HAVE_STDDEF_H 1
| #define HAVE_STDINT_H 1
| #define HAVE_STDLIB_H 1
| #define HAVE_STRING_H 1
| #define HAVE_SYS_IOCTL_H 1
| #define HAVE_UNISTD_H 1
| /* end confdefs.h.  */
| #include <stdio.h>
| #ifdef HAVE_SYS_TYPES_H
| # include <sys/types.h>
| #endif
| #ifdef HAVE_SYS_STAT_H
| # include <sys/stat.h>
| #endif
| #ifdef STDC_HEADERS
| # include <stdlib.h>
| # include <stddef.h>
| #else
| # ifdef HAVE_STDLIB_H
| #  include <stdlib.h>
| # endif
| #endif
| #ifdef HAVE_STRING_H
| # if !defined STDC_HEADERS && defined HAVE_MEMORY_H
| #  include <memory.h>
| # endif
| # include <string.h>
| #endif
| #ifdef HAVE_STRINGS_H
| # include <strings.h>
| #endif
| #ifdef HAVE_INTTYPES_H
| # include <inttypes.h>
| #endif
| #ifdef HAVE_STDINT_H
| # include <stdint.h>
| #endif
| #ifdef HAVE_UNISTD_H
| # include <unistd.h>
| #endif
| int
| main ()
| {
| if (sizeof ((_Bool)))
| 	  return 0;
|   ;
|   return 0;
| }
configure:4659: result: yes
configure:4678: checking for an ANSI C-conforming const
configure:4753: gcc -c -g -O2  conftest.c >&5
configure:4760: $? = 0
configure:4775: result: yes
configure:4785: checking for mode_t
configure:4813: gcc -c -g -O2  conftest.c >&5
configure:4820: $? = 0
configure:4847: gcc -c -g -O2  conftest.c >&5
conftest.c: In function 'main':
conftest.c:67:21: error: expected expression before ')' token
 if (sizeof ((mode_t)))
                     ^
configure:4854: $? = 1
configure: failed program was:
| /* confdefs.h.  */
| #define PACKAGE_NAME "resample"
| #define PACKAGE_TARNAME "resample"
| #define PACKAGE_VERSION "1.8.1"
| #define PACKAGE_STRING "resample 1.8.1"
| #define PACKAGE_BUGREPORT "resample-bugs@w3k.org"
| #define PACKAGE "resample"
| #define VERSION "1.8.1"
| #define HAVE_LIBM 1
| #define STDC_HEADERS 1
| #define HAVE_SYS_TYPES_H 1
| #define HAVE_SYS_STAT_H 1
| #define HAVE_STDLIB_H 1
| #define HAVE_STRING_H 1
| #define HAVE_MEMORY_H 1
| #define HAVE_STRINGS_H 1
| #define HAVE_INTTYPES_H 1
| #define HAVE_STDINT_H 1
| #define HAVE_UNISTD_H 1
| #define HAVE_FCNTL_H 1
| #define HAVE_LIMITS_H 1
| #define HAVE_STDDEF_H 1
| #define HAVE_STDINT_H 1
| #define HAVE_STDLIB_H 1
| #define HAVE_STRING_H 1
| #define HAVE_SYS_IOCTL_H 1
| #define HAVE_UNISTD_H 1
| #define HAVE__BOOL 1
| #define HAVE_STDBOOL_H 1
| /* end confdefs.h.  */
| #include <stdio.h>
| #ifdef HAVE_SYS_TYPES_H
| # include <sys/types.h>
| #endif
| #ifdef HAVE_SYS_STAT_H
| # include <sys/stat.h>
| #endif
| #ifdef STDC_HEADERS
| # include <stdlib.h>
| # include <stddef.h>
| #else
| # ifdef HAVE_STDLIB_H
| #  include <stdlib.h>
| # endif
| #endif
| #ifdef HAVE_STRING_H
| # if !defined STDC_HEADERS && defined HAVE_MEMORY_H
| #  include <memory.h>
| # endif
| # include <string.h>
| #endif
| #ifdef HAVE_STRINGS_H
| # include <strings.h>
| #endif
| #ifdef HAVE_INTTYPES_H
| # include <inttypes.h>
| #endif
| #ifdef HAVE_STDINT_H
| # include <stdint.h>
| #endif
| #ifdef HAVE_UNISTD_H
| # include <unistd.h>
| #endif
| int
| main ()
| {
| if (sizeof ((mode_t)))
| 	  return 0;
|   ;
|   return 0;
| }
configure:4877: result: yes
configure:4889: checking for off_t
configure:4917: gcc -c -g -O2  conftest.c >&5
configure:4924: $? = 0
configure:4951: gcc -c -g -O2  conftest.c >&5
conftest.c: In function 'main':
conftest.c:67:20: error: expected expression before ')' token
 if (sizeof ((off_t)))
                    ^
configure:4958: $? = 1
configure: failed program was:
| /* confdefs.h.  */
| #define PACKAGE_NAME "resample"
| #define PACKAGE_TARNAME "resample"
| #define PACKAGE_VERSION "1.8.1"
| #define PACKAGE_STRING "resample 1.8.1"
| #define PACKAGE_BUGREPORT "resample-bugs@w3k.org"
| #define PACKAGE "resample"
| #define VERSION "1.8.1"
| #define HAVE_LIBM 1
| #define STDC_HEADERS 1
| #define HAVE_SYS_TYPES_H 1
| #define HAVE_SYS_STAT_H 1
| #define HAVE_STDLIB_H 1
| #define HAVE_STRING_H 1
| #define HAVE_MEMORY_H 1
| #define HAVE_STRINGS_H 1
| #define HAVE_INTTYPES_H 1
| #define HAVE_STDINT_H 1
| #define HAVE_UNISTD_H 1
| #define HAVE_FCNTL_H 1
| #define HAVE_LIMITS_H 1
| #define HAVE_STDDEF_H 1
| #define HAVE_STDINT_H 1
| #define HAVE_STDLIB_H 1
| #define HAVE_STRING_H 1
| #define HAVE_SYS_IOCTL_H 1
| #define HAVE_UNISTD_H 1
| #define HAVE__BOOL 1
| #define HAVE_STDBOOL_H 1
| /* end confdefs.h.  */
| #include <stdio.h>
| #ifdef HAVE_SYS_TYPES_H
| # include <sys/types.h>
| #endif
| #ifdef HAVE_SYS_STAT_H
| # include <sys/stat.h>
| #endif
| #ifdef STDC_HEADERS
| # include <stdlib.h>
| # include <stddef.h>
| #else
| # ifdef HAVE_STDLIB_H
| #  include <stdlib.h>
| # endif
| #endif
| #ifdef HAVE_STRING_H
| # if !defined STDC_HEADERS && defined HAVE_MEMORY_H
| #  include <memory.h>
| # endif
| # include <string.h>
| #endif
| #ifdef HAVE_STRINGS_H
| # include <strings.h>
| #endif
| #ifdef HAVE_INTTYPES_H
| # include <inttypes.h>
| #endif
| #ifdef HAVE_STDINT_H
| # include <stdint.h>
| #endif
| #ifdef HAVE_UNISTD_H
| # include <unistd.h>
| #endif
| int
| main ()
| {
| if (sizeof ((off_t)))
| 	  return 0;
|   ;
|   return 0;
| }
configure:4981: result: yes
configure:4993: checking for pid_t
configure:5021: gcc -c -g -O2  conftest.c >&5
configure:5028: $? = 0
configure:5055: gcc -c -g -O2  conftest.c >&5
conftest.c: In function 'main':
conftest.c:67:20: error: expected expression before ')' token
 if (sizeof ((pid_t)))
                    ^
configure:5062: $? = 1
configure: failed program was:
| /* confdefs.h.  */
| #define PACKAGE_NAME "resample"
| #define PACKAGE_TARNAME "resample"
| #define PACKAGE_VERSION "1.8.1"
| #define PACKAGE_STRING "resample 1.8.1"
| #define PACKAGE_BUGREPORT "resample-bugs@w3k.org"
| #define PACKAGE "resample"
| #define VERSION "1.8.1"
| #define HAVE_LIBM 1
| #define STDC_HEADERS 1
| #define HAVE_SYS_TYPES_H 1
| #define HAVE_SYS_STAT_H 1
| #define HAVE_STDLIB_H 1
| #define HAVE_STRING_H 1
| #define HAVE_MEMORY_H 1
| #define HAVE_STRINGS_H 1
| #define HAVE_INTTYPES_H 1
| #define HAVE_STDINT_H 1
| #define HAVE_UNISTD_H 1
| #define HAVE_FCNTL_H 1
| #define HAVE_LIMITS_H 1
| #define HAVE_STDDEF_H 1
| #define HAVE_STDINT_H 1
| #define HAVE_STDLIB_H 1
| #define HAVE_STRING_H 1
| #define HAVE_SYS_IOCTL_H 1
| #define HAVE_UNISTD_H 1
| #define HAVE__BOOL 1
| #define HAVE_STDBOOL_H 1
| /* end confdefs.h.  */
| #include <stdio.h>
| #ifdef HAVE_SYS_TYPES_H
| # include <sys/types.h>
| #endif
| #ifdef HAVE_SYS_STAT_H
| # include <sys/stat.h>
| #endif
| #ifdef STDC_HEADERS
| # include <stdlib.h>
| # include <stddef.h>
| #else
| # ifdef HAVE_STDLIB_H
| #  include <stdlib.h>
| # endif
| #endif
| #ifdef HAVE_STRING_H
| # if !defined STDC_HEADERS && defined HAVE_MEMORY_H
| #  include <memory.h>
| # endif
| # include <string.h>
| #endif
| #ifdef HAVE_STRINGS_H
| # include <strings.h>
| #endif
| #ifdef HAVE_INTTYPES_H
| # include <inttypes.h>
| #endif
| #ifdef HAVE_STDINT_H
| # include <stdint.h>
| #endif
| #ifdef HAVE_UNISTD_H
| # include <unistd.h>
| #endif
| int
| main ()
| {
| if (sizeof ((pid_t)))
| 	  return 0;
|   ;
|   return 0;
| }
configure:5085: result: yes
configure:5097: checking for size_t
configure:5125: gcc -c -g -O2  conftest.c >&5
configure:5132: $? = 0
configure:5159: gcc -c -g -O2  conftest.c >&5
conftest.c: In function 'main':
conftest.c:67:21: error: expected expression before ')' token
 if (sizeof ((size_t)))
                     ^
configure:5166: $? = 1
configure: failed program was:
| /* confdefs.h.  */
| #define PACKAGE_NAME "resample"
| #define PACKAGE_TARNAME "resample"
| #define PACKAGE_VERSION "1.8.1"
| #define PACKAGE_STRING "resample 1.8.1"
| #define PACKAGE_BUGREPORT "resample-bugs@w3k.org"
| #define PACKAGE "resample"
| #define VERSION "1.8.1"
| #define HAVE_LIBM 1
| #define STDC_HEADERS 1
| #define HAVE_SYS_TYPES_H 1
| #define HAVE_SYS_STAT_H 1
| #define HAVE_STDLIB_H 1
| #define HAVE_STRING_H 1
| #define HAVE_MEMORY_H 1
| #define HAVE_STRINGS_H 1
| #define HAVE_INTTYPES_H 1
| #define HAVE_STDINT_H 1
| #define HAVE_UNISTD_H 1
| #define HAVE_FCNTL_H 1
| #define HAVE_LIMITS_H 1
| #define HAVE_STDDEF_H 1
| #define HAVE_STDINT_H 1
| #define HAVE_STDLIB_H 1
| #define HAVE_STRING_H 1
| #define HAVE_SYS_IOCTL_H 1
| #define HAVE_UNISTD_H 1
| #define HAVE__BOOL 1
| #define HAVE_STDBOOL_H 1
| /* end confdefs.h.  */
| #include <stdio.h>
| #ifdef HAVE_SYS_TYPES_H
| # include <sys/types.h>
| #endif
| #ifdef HAVE_SYS_STAT_H
| # include <sys/stat.h>
| #endif
| #ifdef STDC_HEADERS
| # include <stdlib.h>
| # include <stddef.h>
| #else
| # ifdef HAVE_STDLIB_H
| #  include <stdlib.h>
| # endif
| #endif
| #ifdef HAVE_STRING_H
| # if !defined STDC_HEADERS && defined HAVE_MEMORY_H
| #  include <memory.h>
| # endif
| # include <string.h>
| #endif
| #ifdef HAVE_STRINGS_H
| # include <strings.h>
| #endif
| #ifdef HAVE_INTTYPES_H
| # include <inttypes.h>
| #endif
| #ifdef HAVE_STDINT_H
| # include <stdint.h>
| #endif
| #ifdef HAVE_UNISTD_H
| # include <unistd.h>
| #endif
| int
| main ()
| {
| if (sizeof ((size_t)))
| 	  return 0;
|   ;
|   return 0;
| }
configure:5189: result: yes
configure:5205: checking for working alloca.h
configure:5232: gcc -o conftest -g -O2   conftest.c -lm  >&5
configure:5239: $? = 0
configure:5259: result: yes
configure:5269: checking for alloca
configure:5316: gcc -o conftest -g -O2   conftest.c -lm  >&5
configure:5323: $? = 0
configure:5343: result: yes
configure:5581: checking whether gcc needs -traditional
configure:5623: result: no
configure:5635: checking for stdlib.h
configure:5642: result: yes
configure:5781: checking for GNU libc compatible malloc
configure:5815: gcc -o conftest -g -O2   conftest.c -lm  >&5
configure:5819: $? = 0
configure:5825: ./conftest
configure:5829: $? = 0
configure:5846: result: yes
configure:5879: checking for stdlib.h
configure:5886: result: yes
configure:6025: checking for GNU libc compatible realloc
configure:6059: gcc -o conftest -g -O2   conftest.c -lm  >&5
configure:6063: $? = 0
configure:6069: ./conftest
configure:6073: $? = 0
configure:6090: result: yes
configure:6118: checking whether lstat dereferences a symlink specified with a trailing slash
configure:6154: gcc -o conftest -g -O2   conftest.c -lm  >&5
configure:6158: $? = 0
configure:6164: ./conftest
configure:6168: $? = 0
configure:6192: result: yes
configure:6211: checking whether stat accepts an empty string
configure:6241: gcc -o conftest -g -O2   conftest.c -lm  >&5
configure:6245: $? = 0
configure:6251: ./conftest
configure:6255: $? = 0
configure:6272: result: no
configure:6292: checking for strftime
configure:6348: gcc -o conftest -g -O2   conftest.c -lm  >&5
conftest.c:61:6: warning: conflicting types for built-in function 'strftime' [enabled by default]
 char strftime ();
      ^
configure:6355: $? = 0
configure:6377: result: yes
configure:6468: checking for vprintf
configure:6524: gcc -o conftest -g -O2   conftest.c -lm  >&5
conftest.c:62:6: warning: conflicting types for built-in function 'vprintf' [enabled by default]
 char vprintf ();
      ^
configure:6531: $? = 0
configure:6553: result: yes
configure:6562: checking for _doprnt
configure:6618: gcc -o conftest -g -O2   conftest.c -lm  >&5
/tmp/ccGb7BgN.o: In function `main':
/home/gxy/cuda-workspace/resample-GPU/GPU-Upsampling/conftest.c:74: undefined reference to `_doprnt'
collect2: error: ld returned 1 exit status
configure:6625: $? = 1
configure: failed program was:
| /* confdefs.h.  */
| #define PACKAGE_NAME "resample"
| #define PACKAGE_TARNAME "resample"
| #define PACKAGE_VERSION "1.8.1"
| #define PACKAGE_STRING "resample 1.8.1"
| #define PACKAGE_BUGREPORT "resample-bugs@w3k.org"
| #define PACKAGE "resample"
| #define VERSION "1.8.1"
| #define HAVE_LIBM 1
| #define STDC_HEADERS 1
| #define HAVE_SYS_TYPES_H 1
| #define HAVE_SYS_STAT_H 1
| #define HAVE_STDLIB_H 1
| #define HAVE_STRING_H 1
| #define HAVE_MEMORY_H 1
| #define HAVE_STRINGS_H 1
| #define HAVE_INTTYPES_H 1
| #define HAVE_STDINT_H 1
| #define HAVE_UNISTD_H 1
| #define HAVE_FCNTL_H 1
| #define HAVE_LIMITS_H 1
| #define HAVE_STDDEF_H 1
| #define HAVE_STDINT_H 1
| #define HAVE_STDLIB_H 1
| #define HAVE_STRING_H 1
| #define HAVE_SYS_IOCTL_H 1
| #define HAVE_UNISTD_H 1
| #define HAVE__BOOL 1
| #define HAVE_STDBOOL_H 1
| #define HAVE_ALLOCA_H 1
| #define HAVE_ALLOCA 1
| #define HAVE_STDLIB_H 1
| #define HAVE_MALLOC 1
| #define HAVE_STDLIB_H 1
| #define HAVE_REALLOC 1
| #define LSTAT_FOLLOWS_SLASHED_SYMLINK 1
| #define HAVE_STRFTIME 1
| #define HAVE_VPRINTF 1
| /* end confdefs.h.  */
| /* Define _doprnt to an innocuous variant, in case <limits.h> declares _doprnt.
|    For example, HP-UX 11i <limits.h> declares gettimeofday.  */
| #define _doprnt innocuous__doprnt
| 
| /* System header to define __stub macros and hopefully few prototypes,
|     which can conflict with char _doprnt (); below.
|     Prefer <limits.h> to <assert.h> if __STDC__ is defined, since
|     <limits.h> exists even on freestanding compilers.  */
| 
| #ifdef __STDC__
| # include <limits.h>
| #else
| # include <assert.h>
| #endif
| 
| #undef _doprnt
| 
| /* Override any GCC internal prototype to avoid an error.
|    Use char because int might match the return type of a GCC
|    builtin and then its argument prototype would still apply.  */
| #ifdef __cplusplus
| extern "C"
| #endif
| char _doprnt ();
| /* The GNU C library defines this for functions which it implements
|     to always fail with ENOSYS.  Some functions are actually named
|     something starting with __ and the normal name is an alias.  */
| #if defined __stub__doprnt || defined __stub____doprnt
| choke me
| #endif
| 
| int
| main ()
| {
| return _doprnt ();
|   ;
|   return 0;
| }
configure:6645: result: no
configure:6673: checking for atexit
configure:6729: gcc -o conftest -g -O2   conftest.c -lm  >&5
configure:6736: $? = 0
configure:6758: result: yes
configure:6673: checking for floor
configure:6729: gcc -o conftest -g -O2   conftest.c -lm  >&5
conftest.c:64:6: warning: conflicting types for built-in function 'floor' [enabled by default]
 char floor ();
      ^
configure:6736: $? = 0
configure:6758: result: yes
configure:6673: checking for getcwd
configure:6729: gcc -o conftest -g -O2   conftest.c -lm  >&5
configure:6736: $? = 0
configure:6758: result: yes
configure:6673: checking for memmove
configure:6729: gcc -o conftest -g -O2   conftest.c -lm  >&5
conftest.c:66:6: warning: conflicting types for built-in function 'memmove' [enabled by default]
 char memmove ();
      ^
configure:6736: $? = 0
configure:6758: result: yes
configure:6673: checking for memset
configure:6729: gcc -o conftest -g -O2   conftest.c -lm  >&5
conftest.c:67:6: warning: conflicting types for built-in function 'memset' [enabled by default]
 char memset ();
      ^
configure:6736: $? = 0
configure:6758: result: yes
configure:6673: checking for pathconf
configure:6729: gcc -o conftest -g -O2   conftest.c -lm  >&5
configure:6736: $? = 0
configure:6758: result: yes
configure:6673: checking for pow
configure:6729: gcc -o conftest -g -O2   conftest.c -lm  >&5
conftest.c:69:6: warning: conflicting types for built-in function 'pow' [enabled by default]
 char pow ();
      ^
configure:6736: $? = 0
configure:6758: result: yes
configure:6673: checking for sqrt
configure:6729: gcc -o conftest -g -O2   conftest.c -lm  >&5
conftest.c:70:6: warning: conflicting types for built-in function 'sqrt' [enabled by default]
 char sqrt ();
      ^
configure:6736: $? = 0
configure:6758: result: yes
configure:6673: checking for strdup
configure:6729: gcc -o conftest -g -O2   conftest.c -lm  >&5
conftest.c:71:6: warning: conflicting types for built-in function 'strdup' [enabled by default]
 char strdup ();
      ^
configure:6736: $? = 0
configure:6758: result: yes
configure:6673: checking for strerror
configure:6729: gcc -o conftest -g -O2   conftest.c -lm  >&5
configure:6736: $? = 0
configure:6758: result: yes
configure:6673: checking for strtol
configure:6729: gcc -o conftest -g -O2   conftest.c -lm  >&5
configure:6736: $? = 0
configure:6758: result: yes
configure:6889: creating ./config.status
configure:8372: checking dependency style of gcc
configure:8462: result: gcc3

## ---------------- ##
## Cache variables. ##
## ---------------- ##

ac_cv_c_compiler_gnu=yes
ac_cv_c_const=yes
ac_cv_env_CC_set=
ac_cv_env_CC_value=
ac_cv_env_CFLAGS_set=
ac_cv_env_CFLAGS_value=
ac_cv_env_CPPFLAGS_set=
ac_cv_env_CPPFLAGS_value=
ac_cv_env_CPP_set=
ac_cv_env_CPP_value=
ac_cv_env_LDFLAGS_set=
ac_cv_env_LDFLAGS_value=
ac_cv_env_LIBS_set=
ac_cv_env_LIBS_value=
ac_cv_env_build_alias_set=
ac_cv_env_build_alias_value=
ac_cv_env_host_alias_set=
ac_cv_env_host_alias_value=
ac_cv_env_target_alias_set=
ac_cv_env_target_alias_value=
ac_cv_func__doprnt=no
ac_cv_func_alloca_works=yes
ac_cv_func_atexit=yes
ac_cv_func_floor=yes
ac_cv_func_getcwd=yes
ac_cv_func_lstat_dereferences_slashed_symlink=yes
ac_cv_func_malloc_0_nonnull=yes
ac_cv_func_memmove=yes
ac_cv_func_memset=yes
ac_cv_func_pathconf=yes
ac_cv_func_pow=yes
ac_cv_func_realloc_0_nonnull=yes
ac_cv_func_sqrt=yes
ac_cv_func_stat_empty_string_bug=no
ac_cv_func_strdup=yes
ac_cv_func_strerror=yes
ac_cv_func_strftime=yes
ac_cv_func_strtol=yes
ac_cv_func_vprintf=yes
ac_cv_header_fcntl_h=yes
ac_cv_header_inttypes_h=yes
ac_cv_header_limits_h=yes
ac_cv_header_memory_h=yes
ac_cv_header_stdbool_h=yes
ac_cv_header_stdc=yes
ac_cv_header_stddef_h=yes
ac_cv_header_stdint_h=yes
ac_cv_header_stdlib_h=yes
ac_cv_header_string_h=yes
ac_cv_header_strings_h=yes
ac_cv_header_sys_ioctl_h=yes
ac_cv_header_sys_stat_h=yes
ac_cv_header_sys_types_h=yes
ac_cv_header_unistd_h=yes
ac_cv_lib_m_main=yes
ac_cv_objext=o
ac_cv_path_EGREP='/bin/grep -E'
ac_cv_path_GREP=/bin/grep
ac_cv_path_install='/usr/bin/install -c'
ac_cv_prog_AWK=gawk
ac_cv_prog_CPP='gcc -E'
ac_cv_prog_ac_ct_CC=gcc
ac_cv_prog_ac_ct_RANLIB=ranlib
ac_cv_prog_cc_c89=
ac_cv_prog_cc_g=yes
ac_cv_prog_gcc_traditional=no
ac_cv_prog_make_make_set=yes
ac_cv_type__Bool=yes
ac_cv_type_mode_t=yes
ac_cv_type_off_t=yes
ac_cv_type_pid_t=yes
ac_cv_type_size_t=yes
ac_cv_working_alloca_h=yes
am_cv_CC_dependencies_compiler_type=gcc3

## ----------------- ##
## Output variables. ##
## ----------------- ##

ACLOCAL='${SHELL} /home/gxy/cuda-workspace/resample-GPU/GPU-Upsampling/missing --run aclocal-1.9'
ALLOCA=''
AMDEPBACKSLASH='\'
AMDEP_FALSE='#'
AMDEP_TRUE=''
AMTAR='${SHELL} /home/gxy/cuda-workspace/resample-GPU/GPU-Upsampling/missing --run tar'
AUTOCONF='${SHELL} /home/gxy/cuda-workspace/resample-GPU/GPU-Upsampling/missing --run autoconf'
AUTOHEADER='${SHELL} /home/gxy/cuda-workspace/resample-GPU/GPU-Upsampling/missing --run autoheader'
AUTOMAKE='${SHELL} /home/gxy/cuda-workspace/resample-GPU/GPU-Upsampling/missing --run automake-1.9'
AWK='gawk'
CC='gcc'
CCDEPMODE='depmode=gcc3'
CFLAGS='-g -O2'
CPP='gcc -E'
CPPFLAGS=''
CYGPATH_W='echo'
DEFS='-DHAVE_CONFIG_H'
DEPDIR='.deps'
ECHO_C=''
ECHO_N='-n'
ECHO_T=''
EGREP='/bin/grep -E'
EXEEXT=''
GREP='/bin/grep'
INSTALL_DATA='${INSTALL} -m 644'
INSTALL_PROGRAM='${INSTALL}'
INSTALL_SCRIPT='${INSTALL}'
INSTALL_STRIP_PROGRAM='${SHELL} $(install_sh) -c -s'
LDFLAGS=''
LIBOBJS=''
LIBS='-lm '
LTLIBOBJS=''
MAKEINFO='${SHELL} /home/gxy/cuda-workspace/resample-GPU/GPU-Upsampling/missing --run makeinfo'
OBJEXT='o'
PACKAGE='resample'
PACKAGE_BUGREPORT='resample-bugs@w3k.org'
PACKAGE_NAME='resample'
PACKAGE_STRING='resample 1.8.1'
PACKAGE_TARNAME='resample'
PACKAGE_VERSION='1.8.1'
PATH_SEPARATOR=':'
RANLIB='ranlib'
SET_MAKE=''
SHELL='/bin/sh'
STRIP=''
VERSION='1.8.1'
ac_ct_CC='gcc'
am__fastdepCC_FALSE='#'
am__fastdepCC_TRUE=''
am__include='include'
am__leading_dot='.'
am__quote=''
am__tar='${AMTAR} chof - "$$tardir"'
am__untar='${AMTAR} xf -'
bindir='${exec_prefix}/bin'
build_alias=''
datadir='${datarootdir}'
datarootdir='${prefix}/share'
docdir='${datarootdir}/doc/${PACKAGE_TARNAME}'
dvidir='${docdir}'
exec_prefix='${prefix}'
host_alias=''
htmldir='${docdir}'
includedir='${prefix}/include'
infodir='${datarootdir}/info'
install_sh='/home/gxy/cuda-workspace/resample-GPU/GPU-Upsampling/install-sh'
libdir='${exec_prefix}/lib'
libexecdir='${exec_prefix}/libexec'
localedir='${datarootdir}/locale'
localstatedir='${prefix}/var'
mandir='${datarootdir}/man'
mkdir_p='mkdir -p --'
oldincludedir='/usr/include'
pdfdir='${docdir}'
prefix='/usr/local'
program_transform_name='s,x,x,'
psdir='${docdir}'
sbindir='${exec_prefix}/sbin'
sharedstatedir='${prefix}/com'
sysconfdir='${prefix}/etc'
target_alias=''

## ----------- ##
## confdefs.h. ##
## ----------- ##

#define PACKAGE_NAME "resample"
#define PACKAGE_TARNAME "resample"
#define PACKAGE_VERSION "1.8.1"
#define PACKAGE_STRING "resample 1.8.1"
#define PACKAGE_BUGREPORT "resample-bugs@w3k.org"
#define PACKAGE "resample"
#define VERSION "1.8.1"
#define HAVE_LIBM 1
#define STDC_HEADERS 1
#define HAVE_SYS_TYPES_H 1
#define HAVE_SYS_STAT_H 1
#define HAVE_STDLIB_H 1
#define HAVE_STRING_H 1
#define HAVE_MEMORY_H 1
#define HAVE_STRINGS_H 1
#define HAVE_INTTYPES_H 1
#define HAVE_STDINT_H 1
#define HAVE_UNISTD_H 1
#define HAVE_FCNTL_H 1
#define HAVE_LIMITS_H 1
#define HAVE_STDDEF_H 1
#define HAVE_STDINT_H 1
#define HAVE_STDLIB_H 1
#define HAVE_STRING_H 1
#define HAVE_SYS_IOCTL_H 1
#define HAVE_UNISTD_H 1
#define HAVE__BOOL 1
#define HAVE_STDBOOL_H 1
#define HAVE_ALLOCA_H 1
#define HAVE_ALLOCA 1
#define HAVE_STDLIB_H 1
#define HAVE_MALLOC 1
#define HAVE_STDLIB_H 1
#define HAVE_REALLOC 1
#define LSTAT_FOLLOWS_SLASHED_SYMLINK 1
#define HAVE_STRFTIME 1
#define HAVE_VPRINTF 1
#define HAVE_ATEXIT 1
#define HAVE_FLOOR 1
#define HAVE_GETCWD 1
#define HAVE_MEMMOVE 1
#define HAVE_MEMSET 1
#define HAVE_PATHCONF 1
#define HAVE_POW 1
#define HAVE_SQRT 1
#define HAVE_STRDUP 1
#define HAVE_STRERROR 1
#define HAVE_STRTOL 1
#define PACKAGE "resample"
#define VERSION "1.8.1"

configure: exit 0

## ---------------------- ##
## Running config.status. ##
## ---------------------- ##

This file was extended by resample config.status 1.8.1, which was
generated by GNU Autoconf 2.63.  Invocation command line was

  CONFIG_FILES    = 
  CONFIG_HEADERS  = 
  CONFIG_LINKS    = 
  CONFIG_COMMANDS = 
  $ ./config.status 

on hpc

config.status:803: creating Makefile
config.status:950: WARNING:  'Makefile.in' seems to ignore the --datarootdir setting
config.status:803: creating man/Makefile
config.status:950: WARNING:  'man/Makefile.in' seems to ignore the --datarootdir setting
config.status:803: creating sndlib-20/makefile
config.status:803: creating sndlib-20/sndins/Makefile
config.status:803: creating src/Makefile
config.status:950: WARNING:  'src/Makefile.in' seems to ignore the --datarootdir setting
config.status:803: creating config.h
config.status:1070: executing depfiles commands

## ---------------------- ##
## Running config.status. ##
## ---------------------- ##

This file was extended by resample config.status 1.8.1, which was
generated by GNU Autoconf 2.63.  Invocation command line was

  CONFIG_FILES    = 
  CONFIG_HEADERS  = 
  CONFIG_LINKS    = 
  CONFIG_COMMANDS = 
  $ ./config.status config.h

on hpc

config.status:803: creating config.h
